2017-11-07 08:30:01,581  INFO DemoApplication:48 ---- Starting DemoApplication on F7687967AA with PID 3568 (D:\IdeaProjects\HttpClient\target\classes started by F7687967 in D:\IdeaProjects\HttpClient)
2017-11-07 08:30:01,632 DEBUG DemoApplication:51 ---- Running with Spring Boot v1.5.7.RELEASE, Spring v4.3.11.RELEASE
2017-11-07 08:30:01,634  INFO DemoApplication:597 ---- The following profiles are active: dev
2017-11-07 08:31:36,183  INFO DemoApplication:57 ---- Started DemoApplication in 99.67 seconds (JVM running for 108.688)
2017-11-07 08:32:02,896  INFO HttpClientUtil:36 ---- URL --> http://localhost:8080/useraccount/num
2017-11-07 08:32:03,706 DEBUG getUserAccountsNum:145 ---- ==>  Preparing: SELECT count(1) FROM user_account 
2017-11-07 08:32:03,792 DEBUG getUserAccountsNum:145 ---- ==> Parameters: 
2017-11-07 08:32:04,186 DEBUG getUserAccountsNum:145 ---- <==      Total: 1
2017-11-07 08:32:04,537  INFO HttpClientUtil:51 ---- 处理结果 --> {"code":"1","info":"获取用户帐号总量成功!","data":"用户帐号总量为:2"}
2017-11-07 08:32:15,306  INFO HttpClientUtil:83 ---- URL --> http://120.76.77.84:8080/TF02/V2/account/familyaccount/login
2017-11-07 08:32:15,439  INFO HttpClientUtil:102 ---- -------> 请求失败！
2017-11-07 08:32:15,439  INFO HttpClientUtil:107 ---- 处理结果 --> <html><head><title>Apache Tomcat/7.0.82 - Error report</title><style><!--H1 {font-family:Tahoma,Arial,sans-serif;color:white;background-color:#525D76;font-size:22px;} H2 {font-family:Tahoma,Arial,sans-serif;color:white;background-color:#525D76;font-size:16px;} H3 {font-family:Tahoma,Arial,sans-serif;color:white;background-color:#525D76;font-size:14px;} BODY {font-family:Tahoma,Arial,sans-serif;color:black;background-color:white;} B {font-family:Tahoma,Arial,sans-serif;color:white;background-color:#525D76;} P {font-family:Tahoma,Arial,sans-serif;background:white;color:black;font-size:12px;}A {color : black;}A.name {color : black;}HR {color : #525D76;}--></style> </head><body><h1>HTTP Status 415 - </h1><HR size="1" noshade="noshade"><p><b>type</b> Status report</p><p><b>message</b> <u></u></p><p><b>description</b> <u>The server refused this request because the request entity is in a format not supported by the requested resource for the requested method.</u></p><HR size="1" noshade="noshade"><h3>Apache Tomcat/7.0.82</h3></body></html>
2017-11-07 08:42:43,932  INFO DemoApplication:48 ---- Starting DemoApplication on F7687967AA with PID 1628 (D:\IdeaProjects\HttpClient\target\classes started by F7687967 in D:\IdeaProjects\HttpClient)
2017-11-07 08:42:43,935 DEBUG DemoApplication:51 ---- Running with Spring Boot v1.5.7.RELEASE, Spring v4.3.11.RELEASE
2017-11-07 08:42:43,935  INFO DemoApplication:597 ---- The following profiles are active: dev
2017-11-07 08:42:56,892  INFO DemoApplication:57 ---- Started DemoApplication in 13.901 seconds (JVM running for 17.556)
2017-11-07 08:43:18,937  INFO HttpClientUtil:83 ---- URL --> http://localhost:8080/useraccount/test
2017-11-07 08:43:19,349  INFO HttpClientUtil:100 ---- -------> 请求成功！
2017-11-07 08:43:19,350  INFO HttpClientUtil:107 ---- 处理结果 --> {"msg":"Content type 'application/x-www-form-urlencoded;charset=UTF-8' not supported","code":100}
2017-11-07 09:06:55,664  INFO DemoApplication:48 ---- Starting DemoApplication on F7687967AA with PID 4860 (D:\IdeaProjects\HttpClient\target\classes started by F7687967 in D:\IdeaProjects\HttpClient)
2017-11-07 09:06:55,669 DEBUG DemoApplication:51 ---- Running with Spring Boot v1.5.7.RELEASE, Spring v4.3.11.RELEASE
2017-11-07 09:06:55,670  INFO DemoApplication:597 ---- The following profiles are active: dev
2017-11-07 09:07:15,470  INFO DemoApplication:57 ---- Started DemoApplication in 22.211 seconds (JVM running for 34.433)
2017-11-07 09:07:47,950  INFO HttpClientUtil:83 ---- URL --> http://localhost:8080/useraccount/test
2017-11-07 09:07:48,403  INFO HttpClientUtil:101 ---- -------> 请求成功！
2017-11-07 09:07:48,404  INFO HttpClientUtil:108 ---- 处理结果 --> {"msg":"JSON parse error: Unrecognized token 'json': was expecting ('true', 'false' or 'null'); nested exception is com.fasterxml.jackson.core.JsonParseException: Unrecognized token 'json': was expecting ('true', 'false' or 'null')\n at [Source: java.io.PushbackInputStream@1258267; line: 1, column: 6]","code":100}
2017-11-07 09:17:13,166  INFO DemoApplication:48 ---- Starting DemoApplication on F7687967AA with PID 5436 (D:\IdeaProjects\HttpClient\target\classes started by F7687967 in D:\IdeaProjects\HttpClient)
2017-11-07 09:17:13,169 DEBUG DemoApplication:51 ---- Running with Spring Boot v1.5.7.RELEASE, Spring v4.3.11.RELEASE
2017-11-07 09:17:13,169  INFO DemoApplication:597 ---- The following profiles are active: dev
2017-11-07 09:17:25,657  INFO DemoApplication:57 ---- Started DemoApplication in 13.255 seconds (JVM running for 14.606)
2017-11-07 09:17:35,651  INFO HttpClientUtil:83 ---- URL --> http://120.76.77.84:8080/TF02/V2/account/familyaccount/login
2017-11-07 09:17:35,800  INFO HttpClientUtil:103 ---- -------> 请求失败！
2017-11-07 09:17:35,802  INFO HttpClientUtil:108 ---- 处理结果 --> <html><head><title>Apache Tomcat/7.0.82 - Error report</title><style><!--H1 {font-family:Tahoma,Arial,sans-serif;color:white;background-color:#525D76;font-size:22px;} H2 {font-family:Tahoma,Arial,sans-serif;color:white;background-color:#525D76;font-size:16px;} H3 {font-family:Tahoma,Arial,sans-serif;color:white;background-color:#525D76;font-size:14px;} BODY {font-family:Tahoma,Arial,sans-serif;color:black;background-color:white;} B {font-family:Tahoma,Arial,sans-serif;color:white;background-color:#525D76;} P {font-family:Tahoma,Arial,sans-serif;background:white;color:black;font-size:12px;}A {color : black;}A.name {color : black;}HR {color : #525D76;}--></style> </head><body><h1>HTTP Status 400 - </h1><HR size="1" noshade="noshade"><p><b>type</b> Status report</p><p><b>message</b> <u></u></p><p><b>description</b> <u>The request sent by the client was syntactically incorrect.</u></p><HR size="1" noshade="noshade"><h3>Apache Tomcat/7.0.82</h3></body></html>
2017-11-07 09:20:34,994  INFO HttpClientUtil:83 ---- URL --> http://120.76.77.84:8080/TF02/V2/account/familyaccount/login
2017-11-07 09:20:35,099  INFO HttpClientUtil:103 ---- -------> 请求失败！
2017-11-07 09:20:35,100  INFO HttpClientUtil:108 ---- 处理结果 --> <html><head><title>Apache Tomcat/7.0.82 - Error report</title><style><!--H1 {font-family:Tahoma,Arial,sans-serif;color:white;background-color:#525D76;font-size:22px;} H2 {font-family:Tahoma,Arial,sans-serif;color:white;background-color:#525D76;font-size:16px;} H3 {font-family:Tahoma,Arial,sans-serif;color:white;background-color:#525D76;font-size:14px;} BODY {font-family:Tahoma,Arial,sans-serif;color:black;background-color:white;} B {font-family:Tahoma,Arial,sans-serif;color:white;background-color:#525D76;} P {font-family:Tahoma,Arial,sans-serif;background:white;color:black;font-size:12px;}A {color : black;}A.name {color : black;}HR {color : #525D76;}--></style> </head><body><h1>HTTP Status 400 - </h1><HR size="1" noshade="noshade"><p><b>type</b> Status report</p><p><b>message</b> <u></u></p><p><b>description</b> <u>The request sent by the client was syntactically incorrect.</u></p><HR size="1" noshade="noshade"><h3>Apache Tomcat/7.0.82</h3></body></html>
2017-11-07 09:29:13,010  INFO DemoApplication:48 ---- Starting DemoApplication on F7687967AA with PID 1352 (D:\IdeaProjects\HttpClient\target\classes started by F7687967 in D:\IdeaProjects\HttpClient)
2017-11-07 09:29:13,013 DEBUG DemoApplication:51 ---- Running with Spring Boot v1.5.7.RELEASE, Spring v4.3.11.RELEASE
2017-11-07 09:29:13,013  INFO DemoApplication:597 ---- The following profiles are active: dev
2017-11-07 09:29:26,845  INFO DemoApplication:57 ---- Started DemoApplication in 14.427 seconds (JVM running for 18.558)
2017-11-07 09:29:35,422  INFO HttpClientUtil:83 ---- URL --> http://120.76.77.84:8080/TF02/V2/account/familyaccount/login
2017-11-07 09:29:35,558  INFO HttpClientUtil:103 ---- -------> 请求失败！
2017-11-07 09:29:35,560  INFO HttpClientUtil:108 ---- 处理结果 --> <html><head><title>Apache Tomcat/7.0.82 - Error report</title><style><!--H1 {font-family:Tahoma,Arial,sans-serif;color:white;background-color:#525D76;font-size:22px;} H2 {font-family:Tahoma,Arial,sans-serif;color:white;background-color:#525D76;font-size:16px;} H3 {font-family:Tahoma,Arial,sans-serif;color:white;background-color:#525D76;font-size:14px;} BODY {font-family:Tahoma,Arial,sans-serif;color:black;background-color:white;} B {font-family:Tahoma,Arial,sans-serif;color:white;background-color:#525D76;} P {font-family:Tahoma,Arial,sans-serif;background:white;color:black;font-size:12px;}A {color : black;}A.name {color : black;}HR {color : #525D76;}--></style> </head><body><h1>HTTP Status 400 - </h1><HR size="1" noshade="noshade"><p><b>type</b> Status report</p><p><b>message</b> <u></u></p><p><b>description</b> <u>The request sent by the client was syntactically incorrect.</u></p><HR size="1" noshade="noshade"><h3>Apache Tomcat/7.0.82</h3></body></html>
2017-11-07 09:30:02,989  INFO HttpClientUtil:83 ---- URL --> http://localhost:8080/useraccount/test
2017-11-07 09:30:03,334  INFO HttpClientUtil:101 ---- -------> 请求成功！
2017-11-07 09:30:03,340  INFO HttpClientUtil:108 ---- 处理结果 --> {"msg":"JSON parse error: Unrecognized token 'json': was expecting ('true', 'false' or 'null'); nested exception is com.fasterxml.jackson.core.JsonParseException: Unrecognized token 'json': was expecting ('true', 'false' or 'null')\n at [Source: java.io.PushbackInputStream@7c0cc6; line: 1, column: 6]","code":100}
2017-11-07 10:22:07,490  INFO DemoApplication:48 ---- Starting DemoApplication on F7687967AA with PID 4804 (D:\IdeaProjects\HttpClient\target\classes started by F7687967 in D:\IdeaProjects\HttpClient)
2017-11-07 10:22:07,495 DEBUG DemoApplication:51 ---- Running with Spring Boot v1.5.7.RELEASE, Spring v4.3.11.RELEASE
2017-11-07 10:22:07,495  INFO DemoApplication:597 ---- The following profiles are active: dev
2017-11-07 10:22:28,283  INFO DemoApplication:57 ---- Started DemoApplication in 21.989 seconds (JVM running for 26.814)
2017-11-07 10:22:57,620  INFO OKHttp3Util:87 ---- responseMsg ------->{"code":"1","info":"测试项目成功!","data":{"id":0,"tel":"12345678965","pass":"123","nickname":"","device":"","createTime":null,"delflag":false}}
2017-11-07 10:23:18,831  INFO HttpClientUtil:80 ---- URL --> http://120.76.77.84:8080/TF02/V2/account/familyaccount/login
2017-11-07 10:23:19,010  INFO HttpClientUtil:100 ---- -------> 请求失败！
2017-11-07 10:23:19,012  INFO HttpClientUtil:105 ---- 处理结果 --> <html><head><title>Apache Tomcat/7.0.82 - Error report</title><style><!--H1 {font-family:Tahoma,Arial,sans-serif;color:white;background-color:#525D76;font-size:22px;} H2 {font-family:Tahoma,Arial,sans-serif;color:white;background-color:#525D76;font-size:16px;} H3 {font-family:Tahoma,Arial,sans-serif;color:white;background-color:#525D76;font-size:14px;} BODY {font-family:Tahoma,Arial,sans-serif;color:black;background-color:white;} B {font-family:Tahoma,Arial,sans-serif;color:white;background-color:#525D76;} P {font-family:Tahoma,Arial,sans-serif;background:white;color:black;font-size:12px;}A {color : black;}A.name {color : black;}HR {color : #525D76;}--></style> </head><body><h1>HTTP Status 400 - </h1><HR size="1" noshade="noshade"><p><b>type</b> Status report</p><p><b>message</b> <u></u></p><p><b>description</b> <u>The request sent by the client was syntactically incorrect.</u></p><HR size="1" noshade="noshade"><h3>Apache Tomcat/7.0.82</h3></body></html>
2017-11-07 10:26:54,912  INFO DemoApplication:48 ---- Starting DemoApplication on F7687967AA with PID 4588 (D:\IdeaProjects\HttpClient\target\classes started by F7687967 in D:\IdeaProjects\HttpClient)
2017-11-07 10:26:54,916 DEBUG DemoApplication:51 ---- Running with Spring Boot v1.5.7.RELEASE, Spring v4.3.11.RELEASE
2017-11-07 10:26:54,917  INFO DemoApplication:597 ---- The following profiles are active: dev
2017-11-07 10:27:08,201  INFO DemoApplication:57 ---- Started DemoApplication in 13.863 seconds (JVM running for 15.289)
2017-11-07 10:27:24,274  INFO OKHttp3Util:87 ---- responseMsg ------->{"code":"0","info":"登录成功","data":{"id":281,"account":"13545355521","pwd":"e10adc3949ba59abbe56e057f20f883e","mail":"48755645@qq.com","tel":"13545355521","photo":null,"family":"长得太帅QAQ","createtime":"Jul 26, 2016 9:00:00 AM","logintime":"Nov 7, 2017 10:27:24 AM","token":"2AE82F78898CB61E125D9CBE06BD504EDD3CE8B7A594983331B5192D3E99870D","delflag":false,"firstpasswderrtime":"Nov 7, 2017 8:29:07 AM","loginerrcount":0}}
2017-11-07 10:27:43,141  INFO OKHttp3Util:37 ---- URL ------->http://localhost:8080/useraccount/num
2017-11-07 10:27:43,321 DEBUG getUserAccountsNum:145 ---- ==>  Preparing: SELECT count(1) FROM user_account 
2017-11-07 10:27:43,379 DEBUG getUserAccountsNum:145 ---- ==> Parameters: 
2017-11-07 10:27:43,703 DEBUG getUserAccountsNum:145 ---- <==      Total: 1
2017-11-07 10:27:43,765  INFO OKHttp3Util:47 ---- responseMsg ------->
2017-11-07 10:28:19,245  INFO OKHttp3Util:87 ---- responseMsg ------->{"code":"1","info":"测试项目成功!","data":{"id":0,"tel":"12345678965","pass":"123","nickname":"","device":"","createTime":null,"delflag":false}}
2017-11-07 10:43:08,559  INFO DemoApplication:48 ---- Starting DemoApplication on F7687967AA with PID 4296 (D:\IdeaProjects\HttpClient\target\classes started by F7687967 in D:\IdeaProjects\HttpClient)
2017-11-07 10:43:08,561 DEBUG DemoApplication:51 ---- Running with Spring Boot v1.5.7.RELEASE, Spring v4.3.11.RELEASE
2017-11-07 10:43:08,562  INFO DemoApplication:597 ---- The following profiles are active: dev
2017-11-07 10:43:22,379  INFO DemoApplication:57 ---- Started DemoApplication in 14.332 seconds (JVM running for 17.921)
2017-11-07 10:44:06,445  INFO OKHttp3Util:129 ---- responseMsg -------><html><head><title>Apache Tomcat/7.0.82 - Error report</title><style><!--H1 {font-family:Tahoma,Arial,sans-serif;color:white;background-color:#525D76;font-size:22px;} H2 {font-family:Tahoma,Arial,sans-serif;color:white;background-color:#525D76;font-size:16px;} H3 {font-family:Tahoma,Arial,sans-serif;color:white;background-color:#525D76;font-size:14px;} BODY {font-family:Tahoma,Arial,sans-serif;color:black;background-color:white;} B {font-family:Tahoma,Arial,sans-serif;color:white;background-color:#525D76;} P {font-family:Tahoma,Arial,sans-serif;background:white;color:black;font-size:12px;}A {color : black;}A.name {color : black;}HR {color : #525D76;}--></style> </head><body><h1>HTTP Status 415 - </h1><HR size="1" noshade="noshade"><p><b>type</b> Status report</p><p><b>message</b> <u></u></p><p><b>description</b> <u>The server refused this request because the request entity is in a format not supported by the requested resource for the requested method.</u></p><HR size="1" noshade="noshade"><h3>Apache Tomcat/7.0.82</h3></body></html>
